This file contains any messages produced by compilers while
running configure, to aid debugging if configure makes a mistake.

It was created by configure, which was
generated by GNU Autoconf 2.61.  Invocation command line was

  $ ./configure 

## --------- ##
## Platform. ##
## --------- ##

hostname = paua
uname -m = x86_64
uname -r = 2.6.32.11-99.fc12.x86_64
uname -s = Linux
uname -v = #1 SMP Mon Apr 5 19:59:38 UTC 2010

/usr/bin/uname -p = unknown
/bin/uname -X     = unknown

/bin/arch              = x86_64
/usr/bin/arch -k       = unknown
/usr/convex/getsysinfo = unknown
/usr/bin/hostinfo      = unknown
/bin/machine           = unknown
/usr/bin/oslevel       = unknown
/bin/universe          = unknown

PATH: /sbin
PATH: /bin
PATH: /usr/sbin
PATH: /usr/bin


## ----------- ##
## Core tests. ##
## ----------- ##

configure:1783: checking for gcc
configure:1799: found /usr/bin/gcc
configure:1810: result: gcc
configure:2048: checking for C compiler version
configure:2055: gcc --version >&5
gcc (GCC) 4.4.3 20100127 (Red Hat 4.4.3-4)
Copyright (C) 2010 Free Software Foundation, Inc.
This is free software; see the source for copying conditions.  There is NO
warranty; not even for MERCHANTABILITY or FITNESS FOR A PARTICULAR PURPOSE.

configure:2058: $? = 0
configure:2065: gcc -v >&5
Using built-in specs.
Target: x86_64-redhat-linux
Configured with: ../configure --prefix=/usr --mandir=/usr/share/man --infodir=/usr/share/info --with-bugurl=http://bugzilla.redhat.com/bugzilla --enable-bootstrap --enable-shared --enable-threads=posix --enable-checking=release --with-system-zlib --enable-__cxa_atexit --disable-libunwind-exceptions --enable-gnu-unique-object --enable-languages=c,c++,objc,obj-c++,java,fortran,ada --enable-java-awt=gtk --disable-dssi --enable-plugin --with-java-home=/usr/lib/jvm/java-1.5.0-gcj-1.5.0.0/jre --enable-libgcj-multifile --enable-java-maintainer-mode --with-ecj-jar=/usr/share/java/eclipse-ecj.jar --disable-libjava-multilib --with-ppl --with-cloog --with-tune=generic --with-arch_32=i686 --build=x86_64-redhat-linux
Thread model: posix
gcc version 4.4.3 20100127 (Red Hat 4.4.3-4) (GCC) 
configure:2068: $? = 0
configure:2075: gcc -V >&5
gcc: '-V' option must have argument
configure:2078: $? = 1
configure:2101: checking for C compiler default output file name
configure:2128: gcc    conftest.c  >&5
configure:2131: $? = 0
configure:2169: result: a.out
configure:2186: checking whether the C compiler works
configure:2196: ./a.out
configure:2199: $? = 0
configure:2216: result: yes
configure:2223: checking whether we are cross compiling
configure:2225: result: no
configure:2228: checking for suffix of executables
configure:2235: gcc -o conftest    conftest.c  >&5
configure:2238: $? = 0
configure:2262: result: 
configure:2268: checking for suffix of object files
configure:2294: gcc -c   conftest.c >&5
configure:2297: $? = 0
configure:2320: result: o
configure:2324: checking whether we are using the GNU C compiler
configure:2353: gcc -c   conftest.c >&5
configure:2359: $? = 0
configure:2376: result: yes
configure:2381: checking whether gcc accepts -g
configure:2411: gcc -c -g  conftest.c >&5
configure:2417: $? = 0
configure:2516: result: yes
configure:2533: checking for gcc option to accept ISO C89
configure:2607: gcc  -c -g -O2  conftest.c >&5
configure:2613: $? = 0
configure:2636: result: none needed
configure:2654: checking type of operating system
configure:2734: result: linux
configure:2786: checking for gcc
configure:2813: result: gcc
configure:3051: checking for C compiler version
configure:3058: gcc --version >&5
gcc (GCC) 4.4.3 20100127 (Red Hat 4.4.3-4)
Copyright (C) 2010 Free Software Foundation, Inc.
This is free software; see the source for copying conditions.  There is NO
warranty; not even for MERCHANTABILITY or FITNESS FOR A PARTICULAR PURPOSE.

configure:3061: $? = 0
configure:3068: gcc -v >&5
Using built-in specs.
Target: x86_64-redhat-linux
Configured with: ../configure --prefix=/usr --mandir=/usr/share/man --infodir=/usr/share/info --with-bugurl=http://bugzilla.redhat.com/bugzilla --enable-bootstrap --enable-shared --enable-threads=posix --enable-checking=release --with-system-zlib --enable-__cxa_atexit --disable-libunwind-exceptions --enable-gnu-unique-object --enable-languages=c,c++,objc,obj-c++,java,fortran,ada --enable-java-awt=gtk --disable-dssi --enable-plugin --with-java-home=/usr/lib/jvm/java-1.5.0-gcj-1.5.0.0/jre --enable-libgcj-multifile --enable-java-maintainer-mode --with-ecj-jar=/usr/share/java/eclipse-ecj.jar --disable-libjava-multilib --with-ppl --with-cloog --with-tune=generic --with-arch_32=i686 --build=x86_64-redhat-linux
Thread model: posix
gcc version 4.4.3 20100127 (Red Hat 4.4.3-4) (GCC) 
configure:3071: $? = 0
configure:3078: gcc -V >&5
gcc: '-V' option must have argument
configure:3081: $? = 1
configure:3084: checking whether we are using the GNU C compiler
configure:3136: result: yes
configure:3141: checking whether gcc accepts -g
configure:3276: result: yes
configure:3293: checking for gcc option to accept ISO C89
configure:3396: result: none needed
configure:3467: checking for gfortran
configure:3483: found /usr/bin/gfortran
configure:3494: result: gfortran
configure:3524: checking for Fortran compiler version
configure:3531: gfortran --version >&5
GNU Fortran (GCC) 4.4.3 20100127 (Red Hat 4.4.3-4)
Copyright (C) 2010 Free Software Foundation, Inc.

GNU Fortran comes with NO WARRANTY, to the extent permitted by law.
You may redistribute copies of GNU Fortran
under the terms of the GNU General Public License.
For more information about these matters, see the file named COPYING

configure:3534: $? = 0
configure:3541: gfortran -v >&5
Using built-in specs.
Target: x86_64-redhat-linux
Configured with: ../configure --prefix=/usr --mandir=/usr/share/man --infodir=/usr/share/info --with-bugurl=http://bugzilla.redhat.com/bugzilla --enable-bootstrap --enable-shared --enable-threads=posix --enable-checking=release --with-system-zlib --enable-__cxa_atexit --disable-libunwind-exceptions --enable-gnu-unique-object --enable-languages=c,c++,objc,obj-c++,java,fortran,ada --enable-java-awt=gtk --disable-dssi --enable-plugin --with-java-home=/usr/lib/jvm/java-1.5.0-gcj-1.5.0.0/jre --enable-libgcj-multifile --enable-java-maintainer-mode --with-ecj-jar=/usr/share/java/eclipse-ecj.jar --disable-libjava-multilib --with-ppl --with-cloog --with-tune=generic --with-arch_32=i686 --build=x86_64-redhat-linux
Thread model: posix
gcc version 4.4.3 20100127 (Red Hat 4.4.3-4) (GCC) 
configure:3544: $? = 0
configure:3551: gfortran -V >&5
gfortran: '-V' option must have argument
configure:3554: $? = 1
configure:3562: checking whether we are using the GNU Fortran compiler
configure:3581: gfortran -c   conftest.F >&5
configure:3587: $? = 0
configure:3604: result: yes
configure:3610: checking whether gfortran accepts -g
configure:3627: gfortran -c -g  conftest.f >&5
configure:3633: $? = 0
configure:3649: result: yes
configure:3716: checking for ranlib
configure:3732: found /usr/bin/ranlib
configure:3743: result: ranlib
configure:3813: checking for a BSD-compatible install
configure:3869: result: /usr/bin/install -c
configure:3891: checking if DRS is enabled
configure:3902: result: yes
configure:3910: checking if HDF is enabled
configure:3921: result: yes
configure:3929: checking if OpenDAP is enabled
configure:3943: result: no
configure:3948: checking if PP is enabled
configure:3959: result: yes
configure:3970: checking if QL is enabled
configure:3981: result: yes
configure:3998: checking how to run the C preprocessor
configure:4038: gcc -E  conftest.c
configure:4044: $? = 0
configure:4075: gcc -E  conftest.c
conftest.c:10:28: error: ac_nonexistent.h: No such file or directory
configure:4081: $? = 1
configure: failed program was:
| /* confdefs.h.  */
| #define PACKAGE_NAME ""
| #define PACKAGE_TARNAME ""
| #define PACKAGE_VERSION ""
| #define PACKAGE_STRING ""
| #define PACKAGE_BUGREPORT ""
| #define OS_NAME Linux
| #define OS_MAJOR 2
| /* end confdefs.h.  */
| #include <ac_nonexistent.h>
configure:4114: result: gcc -E
configure:4143: gcc -E  conftest.c
configure:4149: $? = 0
configure:4180: gcc -E  conftest.c
conftest.c:10:28: error: ac_nonexistent.h: No such file or directory
configure:4186: $? = 1
configure: failed program was:
| /* confdefs.h.  */
| #define PACKAGE_NAME ""
| #define PACKAGE_TARNAME ""
| #define PACKAGE_VERSION ""
| #define PACKAGE_STRING ""
| #define PACKAGE_BUGREPORT ""
| #define OS_NAME Linux
| #define OS_MAJOR 2
| /* end confdefs.h.  */
| #include <ac_nonexistent.h>
configure:4224: checking for grep that handles long lines and -e
configure:4298: result: /bin/grep
configure:4303: checking for egrep
configure:4381: result: /bin/grep -E
configure:4386: checking for ANSI C header files
configure:4416: gcc -c -g -O2  conftest.c >&5
configure:4422: $? = 0
configure:4521: gcc -o conftest -g -O2   conftest.c  >&5
configure:4524: $? = 0
configure:4530: ./conftest
configure:4533: $? = 0
configure:4550: result: yes
configure:4574: checking for sys/types.h
configure:4595: gcc -c -g -O2  conftest.c >&5
configure:4601: $? = 0
configure:4617: result: yes
configure:4574: checking for sys/stat.h
configure:4595: gcc -c -g -O2  conftest.c >&5
configure:4601: $? = 0
configure:4617: result: yes
configure:4574: checking for stdlib.h
configure:4595: gcc -c -g -O2  conftest.c >&5
configure:4601: $? = 0
configure:4617: result: yes
configure:4574: checking for string.h
configure:4595: gcc -c -g -O2  conftest.c >&5
configure:4601: $? = 0
configure:4617: result: yes
configure:4574: checking for memory.h
configure:4595: gcc -c -g -O2  conftest.c >&5
configure:4601: $? = 0
configure:4617: result: yes
configure:4574: checking for strings.h
configure:4595: gcc -c -g -O2  conftest.c >&5
configure:4601: $? = 0
configure:4617: result: yes
configure:4574: checking for inttypes.h
configure:4595: gcc -c -g -O2  conftest.c >&5
configure:4601: $? = 0
configure:4617: result: yes
configure:4574: checking for stdint.h
configure:4595: gcc -c -g -O2  conftest.c >&5
configure:4601: $? = 0
configure:4617: result: yes
configure:4574: checking for unistd.h
configure:4595: gcc -c -g -O2  conftest.c >&5
configure:4601: $? = 0
configure:4617: result: yes
configure:4650: checking /usr/local/include/netcdf.h usability
configure:4667: gcc -c -g -O2  conftest.c >&5
configure:4673: $? = 0
configure:4687: result: yes
configure:4691: checking /usr/local/include/netcdf.h presence
configure:4706: gcc -E  conftest.c
configure:4712: $? = 0
configure:4726: result: yes
configure:4754: checking for /usr/local/include/netcdf.h
configure:4762: result: yes
configure:4813: checking /usr/local/include/hdf.h usability
configure:4830: gcc -c -g -O2  conftest.c >&5
conftest.c:53:36: error: /usr/local/include/hdf.h: No such file or directory
configure:4836: $? = 1
configure: failed program was:
| /* confdefs.h.  */
| #define PACKAGE_NAME ""
| #define PACKAGE_TARNAME ""
| #define PACKAGE_VERSION ""
| #define PACKAGE_STRING ""
| #define PACKAGE_BUGREPORT ""
| #define OS_NAME Linux
| #define OS_MAJOR 2
| #define STDC_HEADERS 1
| #define HAVE_SYS_TYPES_H 1
| #define HAVE_SYS_STAT_H 1
| #define HAVE_STDLIB_H 1
| #define HAVE_STRING_H 1
| #define HAVE_MEMORY_H 1
| #define HAVE_STRINGS_H 1
| #define HAVE_INTTYPES_H 1
| #define HAVE_STDINT_H 1
| #define HAVE_UNISTD_H 1
| /* end confdefs.h.  */
| #include <stdio.h>
| #ifdef HAVE_SYS_TYPES_H
| # include <sys/types.h>
| #endif
| #ifdef HAVE_SYS_STAT_H
| # include <sys/stat.h>
| #endif
| #ifdef STDC_HEADERS
| # include <stdlib.h>
| # include <stddef.h>
| #else
| # ifdef HAVE_STDLIB_H
| #  include <stdlib.h>
| # endif
| #endif
| #ifdef HAVE_STRING_H
| # if !defined STDC_HEADERS && defined HAVE_MEMORY_H
| #  include <memory.h>
| # endif
| # include <string.h>
| #endif
| #ifdef HAVE_STRINGS_H
| # include <strings.h>
| #endif
| #ifdef HAVE_INTTYPES_H
| # include <inttypes.h>
| #endif
| #ifdef HAVE_STDINT_H
| # include <stdint.h>
| #endif
| #ifdef HAVE_UNISTD_H
| # include <unistd.h>
| #endif
| #include </usr/local/include/hdf.h>
configure:4850: result: no
configure:4854: checking /usr/local/include/hdf.h presence
configure:4869: gcc -E  conftest.c
conftest.c:20:36: error: /usr/local/include/hdf.h: No such file or directory
configure:4875: $? = 1
configure: failed program was:
| /* confdefs.h.  */
| #define PACKAGE_NAME ""
| #define PACKAGE_TARNAME ""
| #define PACKAGE_VERSION ""
| #define PACKAGE_STRING ""
| #define PACKAGE_BUGREPORT ""
| #define OS_NAME Linux
| #define OS_MAJOR 2
| #define STDC_HEADERS 1
| #define HAVE_SYS_TYPES_H 1
| #define HAVE_SYS_STAT_H 1
| #define HAVE_STDLIB_H 1
| #define HAVE_STRING_H 1
| #define HAVE_MEMORY_H 1
| #define HAVE_STRINGS_H 1
| #define HAVE_INTTYPES_H 1
| #define HAVE_STDINT_H 1
| #define HAVE_UNISTD_H 1
| /* end confdefs.h.  */
| #include </usr/local/include/hdf.h>
configure:4889: result: no
configure:4917: checking for /usr/local/include/hdf.h
configure:4925: result: no
configure:4969: checking /usr/local/include/drscdf.h usability
configure:4986: gcc -c -g -O2  conftest.c >&5
configure:4992: $? = 0
configure:5006: result: yes
configure:5010: checking /usr/local/include/drscdf.h presence
configure:5025: gcc -E  conftest.c
configure:5031: $? = 0
configure:5045: result: yes
configure:5073: checking for /usr/local/include/drscdf.h
configure:5081: result: yes
configure:5114: checking for netcdf.inc
configure:5127: result: yes
configure:5144: checking for drsdef.h
configure:5160: result: no
configure:5194: checking for libmfhdf.a
configure:5255: gcc -o conftest -g -O2   conftest.c -L/usr/local/lib -lmfhdf -ldf -ljpeg -lz -lm >&5
/usr/bin/ld: cannot find -lmfhdf
collect2: ld returned 1 exit status
configure:5261: $? = 1
configure: failed program was:
| /* confdefs.h.  */
| #define PACKAGE_NAME ""
| #define PACKAGE_TARNAME ""
| #define PACKAGE_VERSION ""
| #define PACKAGE_STRING ""
| #define PACKAGE_BUGREPORT ""
| #define OS_NAME Linux
| #define OS_MAJOR 2
| #define STDC_HEADERS 1
| #define HAVE_SYS_TYPES_H 1
| #define HAVE_SYS_STAT_H 1
| #define HAVE_STDLIB_H 1
| #define HAVE_STRING_H 1
| #define HAVE_MEMORY_H 1
| #define HAVE_STRINGS_H 1
| #define HAVE_INTTYPES_H 1
| #define HAVE_STDINT_H 1
| #define HAVE_UNISTD_H 1
| /* end confdefs.h.  */
| 
| int
| main ()
| {
| SDstart();
|   ;
|   return 0;
| }
configure:5278: result: no
configure:5342: checking for libnetcdf.a
configure:5403: gcc -o conftest -g -O2   conftest.c -L/usr/local/lib -lnetcdf -L -lhdf5_hl -lhdf5 -lm -lz >&5
/usr/local/lib/libnetcdf.a(nc4file.o): In function `read_scale':
nc4file.c:(.text+0xc6e): undefined reference to `H5DSget_scale_name'
/usr/local/lib/libnetcdf.a(nc4file.o): In function `read_var':
nc4file.c:(.text+0x3073): undefined reference to `H5DSiterate_scales'
/usr/local/lib/libnetcdf.a(nc4file.o): In function `read_dataset':
nc4file.c:(.text+0x36b6): undefined reference to `H5DSis_scale'
nc4file.c:(.text+0x3724): undefined reference to `H5DSget_num_scales'
/usr/local/lib/libnetcdf.a(nc4hdf.o): In function `rec_reattach_scales':
nc4hdf.c:(.text+0xec): undefined reference to `H5DSattach_scale'
/usr/local/lib/libnetcdf.a(nc4hdf.o): In function `rec_detach_scales':
nc4hdf.c:(.text+0x23e): undefined reference to `H5DSdetach_scale'
/usr/local/lib/libnetcdf.a(nc4hdf.o): In function `var_create_dataset':
nc4hdf.c:(.text+0x2fff): undefined reference to `H5DSset_scale'
/usr/local/lib/libnetcdf.a(nc4hdf.o): In function `attach_dimscales':
nc4hdf.c:(.text+0x4015): undefined reference to `H5DSattach_scale'
/usr/local/lib/libnetcdf.a(nc4hdf.o): In function `write_var':
nc4hdf.c:(.text+0x4570): undefined reference to `H5DSdetach_scale'
/usr/local/lib/libnetcdf.a(nc4hdf.o): In function `write_dim':
nc4hdf.c:(.text+0x4965): undefined reference to `H5DSset_scale'
/usr/local/lib/libnetcdf.a(liboc_la-ocinternal.o): In function `ocinitialize':
ocinternal.c:(.text+0x2dc): undefined reference to `curl_version_info'
/usr/local/lib/libnetcdf.a(liboc_la-http.o): In function `ocfetchhttpcode':
http.c:(.text+0x29): undefined reference to `curl_easy_getinfo'
/usr/local/lib/libnetcdf.a(liboc_la-http.o): In function `ocfetchurl_file':
http.c:(.text+0xa4): undefined reference to `curl_easy_setopt'
http.c:(.text+0xce): undefined reference to `curl_easy_setopt'
http.c:(.text+0xf5): undefined reference to `curl_easy_setopt'
http.c:(.text+0x11d): undefined reference to `curl_easy_setopt'
http.c:(.text+0x13c): undefined reference to `curl_easy_perform'
http.c:(.text+0x17e): undefined reference to `curl_easy_getinfo'
http.c:(.text+0x1a6): undefined reference to `curl_easy_strerror'
/usr/local/lib/libnetcdf.a(liboc_la-http.o): In function `ocfetchurl':
http.c:(.text+0x226): undefined reference to `curl_easy_setopt'
http.c:(.text+0x250): undefined reference to `curl_easy_setopt'
http.c:(.text+0x277): undefined reference to `curl_easy_setopt'
http.c:(.text+0x29f): undefined reference to `curl_easy_setopt'
http.c:(.text+0x2ae): undefined reference to `curl_easy_perform'
http.c:(.text+0x2c1): undefined reference to `curl_easy_strerror'
http.c:(.text+0x308): undefined reference to `curl_easy_getinfo'
http.c:(.text+0x370): undefined reference to `curl_easy_strerror'
/usr/local/lib/libnetcdf.a(liboc_la-http.o): In function `occurlopen':
http.c:(.text+0x4ca): undefined reference to `curl_easy_init'
http.c:(.text+0x4f9): undefined reference to `curl_easy_setopt'
http.c:(.text+0x526): undefined reference to `curl_easy_setopt'
/usr/local/lib/libnetcdf.a(liboc_la-http.o): In function `occurlclose':
http.c:(.text+0x56c): undefined reference to `curl_easy_cleanup'
/usr/local/lib/libnetcdf.a(liboc_la-http.o): In function `ocsetcurlproperties':
http.c:(.text+0x6d6): undefined reference to `curl_easy_strerror'
/usr/local/lib/libnetcdf.a(liboc_la-http.o): In function `ocfetchlastmodified':
http.c:(.text+0x757): undefined reference to `curl_easy_setopt'
http.c:(.text+0x77f): undefined reference to `curl_easy_setopt'
http.c:(.text+0x79d): undefined reference to `curl_easy_setopt'
http.c:(.text+0x7bb): undefined reference to `curl_easy_setopt'
http.c:(.text+0x7d9): undefined reference to `curl_easy_setopt'
/usr/local/lib/libnetcdf.a(liboc_la-http.o):http.c:(.text+0x7f7): more undefined references to `curl_easy_setopt' follow
/usr/local/lib/libnetcdf.a(liboc_la-http.o): In function `ocfetchlastmodified':
http.c:(.text+0x824): undefined reference to `curl_easy_perform'
http.c:(.text+0x84e): undefined reference to `curl_easy_getinfo'
http.c:(.text+0x870): undefined reference to `curl_easy_strerror'
/usr/local/lib/libnetcdf.a(liboc_la-curlfunctions.o): In function `set_user_password':
curlfunctions.c:(.text+0xd4): undefined reference to `curl_easy_setopt'
curlfunctions.c:(.text+0x10d): undefined reference to `curl_easy_setopt'
/usr/local/lib/libnetcdf.a(liboc_la-curlfunctions.o): In function `set_proxy':
curlfunctions.c:(.text+0x16f): undefined reference to `curl_easy_setopt'
curlfunctions.c:(.text+0x19f): undefined reference to `curl_easy_setopt'
curlfunctions.c:(.text+0x29c): undefined reference to `curl_easy_setopt'
/usr/local/lib/libnetcdf.a(liboc_la-curlfunctions.o):curlfunctions.c:(.text+0x2fa): more undefined references to `curl_easy_setopt' follow
collect2: ld returned 1 exit status
configure:5409: $? = 1
configure: failed program was:
| /* confdefs.h.  */
| #define PACKAGE_NAME ""
| #define PACKAGE_TARNAME ""
| #define PACKAGE_VERSION ""
| #define PACKAGE_STRING ""
| #define PACKAGE_BUGREPORT ""
| #define OS_NAME Linux
| #define OS_MAJOR 2
| #define STDC_HEADERS 1
| #define HAVE_SYS_TYPES_H 1
| #define HAVE_SYS_STAT_H 1
| #define HAVE_STDLIB_H 1
| #define HAVE_STRING_H 1
| #define HAVE_MEMORY_H 1
| #define HAVE_STRINGS_H 1
| #define HAVE_INTTYPES_H 1
| #define HAVE_STDINT_H 1
| #define HAVE_UNISTD_H 1
| /* end confdefs.h.  */
| 
| int
| main ()
| {
| ncopen();
|   ;
|   return 0;
| }
configure:5426: result: no
configure:5576: checking for libdrs.a on linux
configure:5612: result: no
configure:5738: checking for special C compiler options needed for large files
configure:5831: result: no
configure:5837: checking for _FILE_OFFSET_BITS value needed for large files
configure:5872: gcc -c -g -O2  conftest.c >&5
configure:5878: $? = 0
configure:5946: result: no
configure:6320: creating ./config.status

## ---------------------- ##
## Running config.status. ##
## ---------------------- ##

This file was extended by config.status, which was
generated by GNU Autoconf 2.61.  Invocation command line was

  CONFIG_FILES    = 
  CONFIG_HEADERS  = 
  CONFIG_LINKS    = 
  CONFIG_COMMANDS = 
  $ ./config.status 

on paua

config.status:617: creating Makefile
config.status:617: creating src/cddrs/Makefile
config.status:617: creating src/cddrs/test/Makefile
config.status:617: creating src/cdunif/Makefile
config.status:617: creating src/cdunif/cdunifpp/Makefile
config.status:617: creating src/cdunif/test/Makefile
config.status:617: creating src/db_util/Makefile
config.status:617: creating src/api/Makefile
config.status:617: creating src/api/test/Makefile

## ---------------- ##
## Cache variables. ##
## ---------------- ##

ac_cv_c_compiler_gnu=yes
ac_cv_env_CC_set=
ac_cv_env_CC_value=
ac_cv_env_CFLAGS_set=
ac_cv_env_CFLAGS_value=
ac_cv_env_CPPFLAGS_set=
ac_cv_env_CPPFLAGS_value=
ac_cv_env_CPP_set=
ac_cv_env_CPP_value=
ac_cv_env_FCFLAGS_set=
ac_cv_env_FCFLAGS_value=
ac_cv_env_FC_set=
ac_cv_env_FC_value=
ac_cv_env_LDFLAGS_set=
ac_cv_env_LDFLAGS_value=
ac_cv_env_LIBS_set=
ac_cv_env_LIBS_value=
ac_cv_env_build_alias_set=
ac_cv_env_build_alias_value=
ac_cv_env_host_alias_set=
ac_cv_env_host_alias_value=
ac_cv_env_target_alias_set=
ac_cv_env_target_alias_value=
ac_cv_fc_compiler_gnu=yes
ac_cv_header__usr_local_include_drscdf_h=yes
ac_cv_header__usr_local_include_hdf_h=no
ac_cv_header__usr_local_include_netcdf_h=yes
ac_cv_header_inttypes_h=yes
ac_cv_header_memory_h=yes
ac_cv_header_stdc=yes
ac_cv_header_stdint_h=yes
ac_cv_header_stdlib_h=yes
ac_cv_header_string_h=yes
ac_cv_header_strings_h=yes
ac_cv_header_sys_stat_h=yes
ac_cv_header_sys_types_h=yes
ac_cv_header_unistd_h=yes
ac_cv_objext=o
ac_cv_path_EGREP='/bin/grep -E'
ac_cv_path_GREP=/bin/grep
ac_cv_path_install='/usr/bin/install -c'
ac_cv_prog_CPP='gcc -E'
ac_cv_prog_ac_ct_CC=gcc
ac_cv_prog_ac_ct_FC=gfortran
ac_cv_prog_ac_ct_RANLIB=ranlib
ac_cv_prog_cc_c89=
ac_cv_prog_cc_g=yes
ac_cv_prog_fc_g=yes
ac_cv_sys_file_offset_bits=no
ac_cv_sys_largefile_CC=no

## ----------------- ##
## Output variables. ##
## ----------------- ##

CC='gcc'
CFLAGS='-g -O2'
CFLAGSdrsinc=' -I/usr/local/include'
CFLAGShdfinc=''
CFLAGSncinc=' -I/usr/local/include'
CPP='gcc -E'
CPPFLAGS=' -DBYTESWAP -DpgiFortran'
DEFS='-DPACKAGE_NAME=\"\" -DPACKAGE_TARNAME=\"\" -DPACKAGE_VERSION=\"\" -DPACKAGE_STRING=\"\" -DPACKAGE_BUGREPORT=\"\" -DOS_NAME=Linux -DOS_MAJOR=2 -DSTDC_HEADERS=1 -DHAVE_SYS_TYPES_H=1 -DHAVE_SYS_STAT_H=1 -DHAVE_STDLIB_H=1 -DHAVE_STRING_H=1 -DHAVE_MEMORY_H=1 -DHAVE_STRINGS_H=1 -DHAVE_INTTYPES_H=1 -DHAVE_STDINT_H=1 -DHAVE_UNISTD_H=1'
DRSINC='/usr/local/include'
DRSINCF='/usr/local/include'
DRSLIB='/usr/local/lib'
DRSOPTS=''
ECHO_C=''
ECHO_N='-n'
ECHO_T=''
EGREP='/bin/grep -E'
ENABLE_DAP='no'
ENABLE_DRS='yes'
ENABLE_HDF='yes'
ENABLE_PP='yes'
ENABLE_QL='yes'
EXEEXT=''
FC='gfortran'
FCFLAGS='-g -O2'
FFLAGS=' -I/usr/local/include'
GRADS_BYTEORDER='0'
GRADS_CRAY='0'
GRADS_IEEE2CRAY_OBJECT=''
GREP='/bin/grep'
HDFINC=''
HDFLIB='/usr/local/lib'
HDFOPTS=''
INSTALL='/usr/bin/install -c'
INSTALL_DATA='${INSTALL} -m 644'
INSTALL_PROGRAM='/usr/bin/install -c'
INSTALL_SCRIPT='${INSTALL}'
LDFLAGS=''
LIBOBJS=''
LIBS='-L/usr/local/lib -lnetcdf -L -lhdf5_hl -lhdf5 -lm -lz'
LTLIBOBJS=''
NCINC='/usr/local/include'
NCINCF='/usr/local/include'
NCLIB='/usr/local/lib'
NCOPTS=''
OBJEXT='o'
OS='linux'
PACKAGE_BUGREPORT=''
PACKAGE_NAME=''
PACKAGE_STRING=''
PACKAGE_TARNAME=''
PACKAGE_VERSION=''
PATH_SEPARATOR=':'
PPOPTS='-DHAVE_PP'
QLOPTS='-DHAVE_QL'
RANLIB='ranlib'
SHELL='/bin/sh'
ac_ct_CC='gcc'
ac_ct_FC='gfortran'
bindir='${exec_prefix}/bin'
build_alias=''
datadir='${datarootdir}'
datarootdir='${prefix}/share'
docdir='${datarootdir}/doc/${PACKAGE}'
dvidir='${docdir}'
exec_prefix='${prefix}'
host_alias=''
htmldir='${docdir}'
includedir='${prefix}/include'
infodir='${datarootdir}/info'
libdir='${exec_prefix}/lib'
libexecdir='${exec_prefix}/libexec'
localedir='${datarootdir}/locale'
localstatedir='${prefix}/var'
mandir='${datarootdir}/man'
oldincludedir='/usr/include'
pdfdir='${docdir}'
prefix='/usr/local'
program_transform_name='s,x,x,'
psdir='${docdir}'
sbindir='${exec_prefix}/sbin'
sharedstatedir='${prefix}/com'
sysconfdir='${prefix}/etc'
target_alias=''

## ----------- ##
## confdefs.h. ##
## ----------- ##

#define PACKAGE_NAME ""
#define PACKAGE_TARNAME ""
#define PACKAGE_VERSION ""
#define PACKAGE_STRING ""
#define PACKAGE_BUGREPORT ""
#define OS_NAME Linux
#define OS_MAJOR 2
#define STDC_HEADERS 1
#define HAVE_SYS_TYPES_H 1
#define HAVE_SYS_STAT_H 1
#define HAVE_STDLIB_H 1
#define HAVE_STRING_H 1
#define HAVE_MEMORY_H 1
#define HAVE_STRINGS_H 1
#define HAVE_INTTYPES_H 1
#define HAVE_STDINT_H 1
#define HAVE_UNISTD_H 1

configure: exit 0
